r4
  +file_prop: image/bottombtn0101.png svn:mime-type application/octet-stream
  +file_prop: image/bottombtn0102.png svn:mime-type application/octet-stream
  +file_prop: image/bottombtn0201.png svn:mime-type application/octet-stream
  +file_prop: image/bottombtn0202.png svn:mime-type application/octet-stream
  +file_prop: image/bottombtn0301.png svn:mime-type application/octet-stream
  +file_prop: image/bottombtn0302.png svn:mime-type application/octet-stream
  +file_prop: image/bottombtn0401.png svn:mime-type application/octet-stream
  +file_prop: image/bottombtn0402.png svn:mime-type application/octet-stream
  +file_prop: image/connectfail.png svn:mime-type application/octet-stream
  +file_prop: image/loading_more.gif svn:mime-type application/octet-stream
  +file_prop: res/font/iconfont.eot svn:mime-type application/octet-stream
  +file_prop: res/font/iconfont.ttf svn:mime-type application/octet-stream
  +file_prop: res/font/iconfont.woff svn:mime-type application/octet-stream
  +file_prop: res/key.xml svn:mime-type application/octet-stream
  +file_prop: res/sound/autoSound.wav svn:mime-type application/octet-stream
  +file_prop: res/sound/cancelSound.wav svn:mime-type application/octet-stream
  +file_prop: res/sound/orderSound.wav svn:mime-type application/octet-stream
  +file_prop: res/sound/refundSound.wav svn:mime-type application/octet-stream
  +file_prop: res/sound/remindSound.wav svn:mime-type application/octet-stream
